0 silly argv {
0 silly argv   _: [ 'publish' ],
0 silly argv   composed: 'publish',
0 silly argv   lernaVersion: '6.6.2',
0 silly argv   '$0': 'lerna'
0 silly argv }
1 notice cli v6.6.2
2 verbose rootPath /Users/damon/Desktop/finalx
3 error JSONError: Unexpected token "]" (0x5D) in JSON at position 121 while parsing near "...: [\n    \"finalx\",\n  ],\n  \"homepage\": \"ht..." in packages/cli/package.json
3 error
3 error [0m [90m  6 |[39m   [32m"keywords"[39m[33m:[39m [[0m
3 error [0m [90m  7 |[39m     [32m"finalx"[39m[33m,[39m[0m
3 error [0m[31m[1m>[22m[39m[90m  8 |[39m   ][33m,[39m[0m
3 error [0m [90m    |[39m   [31m[1m^[22m[39m[0m
3 error [0m [90m  9 |[39m   [32m"homepage"[39m[33m:[39m [32m"https://github.com/damon35868/shadow#readme"[39m[33m,[39m[0m
3 error [0m [90m 10 |[39m   [32m"license"[39m[33m:[39m [32m"MIT"[39m[33m,[39m[0m
3 error [0m [90m 11 |[39m   [32m"main"[39m[33m:[39m [32m"src/index.js"[39m[33m,[39m[0m
3 error
3 error     at parseJson (/Users/damon/.config/yarn/global/node_modules/parse-json/index.js:29:21)
3 error     at parse (/Users/damon/.config/yarn/global/node_modules/load-json-file/index.js:15:9)
3 error     at module.exports (/Users/damon/.config/yarn/global/node_modules/load-json-file/index.js:18:47)
